wandb: Currently logged in as: floraj (floraj-oregon-state-university). Use `wandb login --relogin` to force relogin
wandb: wandb version 0.17.8 is available!  To upgrade, please run:
wandb:  $ pip install wandb --upgrade
wandb: Tracking run with wandb version 0.16.6
wandb: Run data is saved locally in /nfs/hpc/share/floraj/biharmonic/comparing_graph_transformers_via_positional_encodings/wandb/run-20240904_231458-1wwykiw8
wandb: Run `wandb offline` to turn off syncing.
wandb: Syncing run resistance
wandb: ⭐️ View project at https://wandb.ai/floraj-oregon-state-university/BREC
wandb: 🚀 View run at https://wandb.ai/floraj-oregon-state-university/BREC/runs/1wwykiw8
WARNING:root:Key gnn.dim_in with value <class 'NoneType'> is not a valid type; valid types: {<class 'list'>, <class 'str'>, <class 'bool'>, <class 'int'>, <class 'float'>, <class 'tuple'>}
WARNING:root:Key wandb.sweep.id with value <class 'NoneType'> is not a valid type; valid types: {<class 'list'>, <class 'str'>, <class 'bool'>, <class 'int'>, <class 'float'>, <class 'tuple'>}
WARNING:root:Key rpe_transformer.distance_encoder_hidden_dim with value <class 'NoneType'> is not a valid type; valid types: {<class 'list'>, <class 'str'>, <class 'bool'>, <class 'int'>, <class 'float'>, <class 'tuple'>}
WARNING:root:Key deepsets_ape_encoder.ape_type with value <class 'NoneType'> is not a valid type; valid types: {<class 'list'>, <class 'str'>, <class 'bool'>, <class 'int'>, <class 'float'>, <class 'tuple'>}
WARNING:root:Key posenc_GraphormerBias.num_spatial_types with value <class 'NoneType'> is not a valid type; valid types: {<class 'list'>, <class 'str'>, <class 'bool'>, <class 'int'>, <class 'float'>, <class 'tuple'>}
WARNING:root:Key posenc_GraphormerBias.num_in_degrees with value <class 'NoneType'> is not a valid type; valid types: {<class 'list'>, <class 'str'>, <class 'bool'>, <class 'int'>, <class 'float'>, <class 'tuple'>}
WARNING:root:Key posenc_GraphormerBias.num_out_degrees with value <class 'NoneType'> is not a valid type; valid types: {<class 'list'>, <class 'str'>, <class 'bool'>, <class 'int'>, <class 'float'>, <class 'tuple'>}
[*] Run ID 0: seed=0, split_index=0
    Starting now: 2024-09-04 23:15:03.765324
[*] Loaded dataset 'BREC' from 'Custom':
/nfs/stak/users/floraj/.local/lib/python3.10/site-packages/torch_geometric/data/in_memory_dataset.py:157: UserWarning: It is not recommended to directly access the internal storage format `data` of an 'InMemoryDataset'. If you are absolutely certain what you are doing, access the internal storage via `InMemoryDataset._data` instead to suppress this warning. Alternatively, you can access stacked individual attributes of every graph via `dataset.{attr_name}`.
  warnings.warn(msg)
  Data(edge_index=[2, 14688256], x=[1779456, 1], num_nodes=1779456)
  undirected: True
  num graphs: 51200
/nfs/stak/users/floraj/.local/lib/python3.10/site-packages/torch_geometric/data/in_memory_dataset.py:157: UserWarning: It is not recommended to directly access the internal storage format `data` of an 'InMemoryDataset'. The data of the dataset is already cached, so any modifications to `data` will not be reflected when accessing its elements. Clearing the cache now by removing all elements in `dataset._data_list`. If you are absolutely certain what you are doing, access the internal storage via `InMemoryDataset._data` instead to suppress this warning. Alternatively, you can access stacked individual attributes of every graph via `dataset.{attr_name}`.
  warnings.warn(msg)
  avg num_nodes/graph: 34
  num node features: 1
  num edge features: 0
Precomputing Positional Encoding statistics: ['RPE'] for all graphs...
  ...estimated to be undirected: True
  0%|          | 0/51200 [00:00<?, ?it/s]/nfs/stak/users/floraj/.local/lib/python3.10/site-packages/torch/functional.py:504: UserWarning: torch.meshgrid: in an upcoming release, it will be required to pass the indexing argument. (Triggered internally at ../aten/src/ATen/native/TensorShape.cpp:3190.)
  return _VF.meshgrid(tensors, **kwargs)  # type: ignore[attr-defined]
 13%|█▎        | 6455/51200 [00:10<01:09, 645.44it/s] 23%|██▎       | 11533/51200 [00:20<01:10, 564.47it/s] 34%|███▍      | 17564/51200 [00:30<00:57, 582.08it/s] 41%|████      | 20826/51200 [00:40<01:03, 481.03it/s] 46%|████▌     | 23386/51200 [00:54<01:21, 340.12it/s] 46%|████▌     | 23386/51200 [01:05<01:21, 340.12it/s] 50%|█████     | 25636/51200 [01:05<01:26, 295.16it/s] 64%|██████▍   | 32898/51200 [01:15<00:43, 422.88it/s] 74%|███████▍  | 37799/51200 [01:25<00:30, 442.86it/s] 85%|████████▍ | 43488/51200 [01:35<00:16, 480.42it/s] 91%|█████████▏| 46733/51200 [01:45<00:10, 433.78it/s] 95%|█████████▍| 48444/51200 [01:55<00:07, 355.18it/s] 97%|█████████▋| 49730/51200 [02:05<00:05, 287.33it/s]100%|██████████| 51200/51200 [02:11<00:00, 389.62it/s]
Done! Took 00:02:14.66
wandb: - 0.011 MB of 0.011 MB uploadedwandb: \ 0.011 MB of 0.038 MB uploadedwandb: | 0.011 MB of 0.038 MB uploadedwandb: / 0.038 MB of 0.038 MB uploadedwandb:                                                                                
wandb: 
wandb: Run history:
wandb: 4-Vertex_Condition/Accuracy ▁▁▁▁▁▁▁▁▁▁▁▁▁▁▁▁▁▁▁▁
wandb:  4-Vertex_Condition/Correct ▁▁▁▁▁▁▁▁▁▁▁▁▁▁▁▁▁▁▁▁
wandb:              Basic/Accuracy ▁▁▁▁▂▂▂▂▂▃▃▃▃▃▃▄▄▄▄▄▅▅▅▅▅▅▆▆▆▆▆▆▇▇▇▇▇███
wandb:               Basic/Correct ▁▁▁▁▂▂▂▂▂▃▃▃▃▃▃▄▄▄▄▄▅▅▅▅▅▅▆▆▆▆▆▆▇▇▇▇▇███
wandb:                CFI/Accuracy ▁▁▂▂▂▃▄▄▅▅▅▅▆▆▆▇▇▇▇▇▇▇▇█████████████████
wandb:                 CFI/Correct ▁▁▂▂▂▃▄▄▅▅▅▅▆▆▆▇▇▇▇▇▇▇▇█████████████████
wandb:   Distance_Regular/Accuracy ▁▁▁▁▁▁▁▁▁▁▁▁▁▁▁▁▁▁▁▁
wandb:    Distance_Regular/Correct ▁▁▁▁▁▁▁▁▁▁▁▁▁▁▁▁▁▁▁▁
wandb:          Extension/Accuracy ▁▁▁▁▂▂▂▂▂▃▃▃▃▃▃▄▄▄▄▄▅▅▅▅▅▅▆▆▆▆▆▇▇▇▇▇▇███
wandb:           Extension/Correct ▁▁▁▁▂▂▂▂▂▃▃▃▃▃▃▄▄▄▄▄▅▅▅▅▅▅▆▆▆▆▆▇▇▇▇▇▇███
wandb:            Regular/Accuracy ▁▁▂▂▂▃▃▃▄▄▅▅▅▆▆▆▇▇▇█████████████████████
wandb:             Regular/Correct ▁▁▂▂▂▃▃▃▄▄▅▅▅▆▆▆▇▇▇█████████████████████
wandb:              Total/Accuracy ▁▁▂▂▂▃▃▃▄▄▄▄▄▄▄▄▅▅▅▆▆▆▇▇▇███████████████
wandb:               Total/Correct ▁▁▂▂▂▃▃▃▄▄▄▄▄▄▄▄▅▅▅▆▆▆▇▇▇███████████████
wandb: 
wandb: Run summary:
wandb: 4-Vertex_Condition/Accuracy 0.0
wandb:  4-Vertex_Condition/Correct 0
wandb:              Basic/Accuracy 1.0
wandb:               Basic/Correct 60
wandb:                CFI/Accuracy 0.07
wandb:                 CFI/Correct 7
wandb:   Distance_Regular/Accuracy 0.0
wandb:    Distance_Regular/Correct 0
wandb:          Extension/Accuracy 1.0
wandb:           Extension/Correct 100
wandb:            Regular/Accuracy 0.5
wandb:             Regular/Correct 50
wandb:              Total/Accuracy 0.5425
wandb:               Total/Correct 217
wandb: 
wandb: 🚀 View run resistance at: https://wandb.ai/floraj-oregon-state-university/BREC/runs/1wwykiw8
wandb: ⭐️ View project at: https://wandb.ai/floraj-oregon-state-university/BREC
wandb: Synced 6 W&B file(s), 0 media file(s), 0 artifact file(s) and 0 other file(s)
wandb: Find logs at: ./wandb/run-20240904_231458-1wwykiw8/logs
Results aggregated across runs saved in results/brec-rpe-transformer-rd/agg
[*] All done: 2024-09-04 23:50:13.144031
